[debug] [2025-09-21T10:28:13.577Z] ----------------------------------------------------------------------
[debug] [2025-09-21T10:28:13.579Z] Command:       C:\Program Files\nodejs\node.exe C:\Users\urlov\AppData\Roaming\npm\node_modules\firebase-tools\lib\bin\firebase.js hosting:sites:create orbit-ai-472708 --project orbit-ai-472708
[debug] [2025-09-21T10:28:13.579Z] CLI Version:   14.17.0
[debug] [2025-09-21T10:28:13.579Z] Platform:      win32
[debug] [2025-09-21T10:28:13.579Z] Node Version:  v22.19.0
[debug] [2025-09-21T10:28:13.579Z] Time:          Sun Sep 21 2025 15:58:13 GMT+0530 (India Standard Time)
[debug] [2025-09-21T10:28:13.580Z] ----------------------------------------------------------------------
[debug] 
[debug] [2025-09-21T10:28:13.584Z] > command requires scopes: ["email","openid","https://www.googleapis.com/auth/cloudplatformprojects.readonly","https://www.googleapis.com/auth/firebase","https://www.googleapis.com/auth/cloud-platform"]
[debug] [2025-09-21T10:28:13.584Z] > authorizing via signed-in user (kumarankit00073@gmail.com)
[debug] [2025-09-21T10:28:13.584Z] [iam] checking project orbit-ai-472708 for permissions ["firebase.projects.get","firebasehosting.sites.update"]
[debug] [2025-09-21T10:28:13.585Z] Checked if tokens are valid: false, expires at: 1758447408846
[debug] [2025-09-21T10:28:13.585Z] Checked if tokens are valid: false, expires at: 1758447408846
[debug] [2025-09-21T10:28:13.585Z] > refreshing access token with scopes: []
[debug] [2025-09-21T10:28:13.586Z] >>> [apiv2][query] POST https://www.googleapis.com/oauth2/v3/token [none]
[debug] [2025-09-21T10:28:13.586Z] >>> [apiv2][body] POST https://www.googleapis.com/oauth2/v3/token [omitted]
[debug] [2025-09-21T10:28:13.842Z] <<< [apiv2][status] POST https://www.googleapis.com/oauth2/v3/token 200
[debug] [2025-09-21T10:28:13.842Z] <<< [apiv2][body] POST https://www.googleapis.com/oauth2/v3/token [omitted]
[debug] [2025-09-21T10:28:13.848Z] >>> [apiv2][query] POST https://cloudresourcemanager.googleapis.com/v1/projects/orbit-ai-472708:testIamPermissions [none]
[debug] [2025-09-21T10:28:13.848Z] >>> [apiv2][(partial)header] POST https://cloudresourcemanager.googleapis.com/v1/projects/orbit-ai-472708:testIamPermissions x-goog-quota-user=projects/orbit-ai-472708
[debug] [2025-09-21T10:28:13.848Z] >>> [apiv2][body] POST https://cloudresourcemanager.googleapis.com/v1/projects/orbit-ai-472708:testIamPermissions {"permissions":["firebase.projects.get","firebasehosting.sites.update"]}
[debug] [2025-09-21T10:28:15.202Z] <<< [apiv2][status] POST https://cloudresourcemanager.googleapis.com/v1/projects/orbit-ai-472708:testIamPermissions 200
[debug] [2025-09-21T10:28:15.202Z] <<< [apiv2][body] POST https://cloudresourcemanager.googleapis.com/v1/projects/orbit-ai-472708:testIamPermissions {"permissions":["firebase.projects.get","firebasehosting.sites.update"]}
[debug] [2025-09-21T10:28:15.203Z] Checked if tokens are valid: true, expires at: 1758454092842
[debug] [2025-09-21T10:28:15.203Z] Checked if tokens are valid: true, expires at: 1758454092842
[debug] [2025-09-21T10:28:15.203Z] >>> [apiv2][query] GET https://cloudresourcemanager.googleapis.com/v1/projects/orbit-ai-472708 [none]
[debug] [2025-09-21T10:28:15.519Z] <<< [apiv2][status] GET https://cloudresourcemanager.googleapis.com/v1/projects/orbit-ai-472708 200
[debug] [2025-09-21T10:28:15.519Z] <<< [apiv2][body] GET https://cloudresourcemanager.googleapis.com/v1/projects/orbit-ai-472708 {"projectNumber":"938180057345","projectId":"orbit-ai-472708","lifecycleState":"ACTIVE","name":"Orbit-AI","createTime":"2025-09-20T08:29:22.276628Z"}
[debug] [2025-09-21T10:28:15.519Z] Checked if tokens are valid: true, expires at: 1758454092842
[debug] [2025-09-21T10:28:15.519Z] Checked if tokens are valid: true, expires at: 1758454092842
[debug] [2025-09-21T10:28:15.519Z] >>> [apiv2][query] POST https://firebasehosting.googleapis.com/v1beta1/projects/938180057345/sites siteId=orbit-ai-472708
[debug] [2025-09-21T10:28:15.519Z] >>> [apiv2][body] POST https://firebasehosting.googleapis.com/v1beta1/projects/938180057345/sites {"appId":""}
[debug] [2025-09-21T10:28:16.679Z] <<< [apiv2][status] POST https://firebasehosting.googleapis.com/v1beta1/projects/938180057345/sites 404
[debug] [2025-09-21T10:28:16.680Z] <<< [apiv2][body] POST https://firebasehosting.googleapis.com/v1beta1/projects/938180057345/sites {"error":{"code":404,"message":"Requested entity was not found.","status":"NOT_FOUND"}}
[warn] !  Request to https://firebasehosting.googleapis.com/v1beta1/projects/938180057345/sites?siteId=orbit-ai-472708 had HTTP Error: 404, Requested entity was not found. 
[debug] [2025-09-21T10:28:54.035Z] ExitPromptError: User force closed the prompt with SIGINT
    at Interface.sigint (C:\Users\urlov\AppData\Roaming\npm\node_modules\firebase-tools\node_modules\@inquirer\core\dist\commonjs\lib\create-prompt.js:101:37)
    at Interface.emit (node:events:519:28)
    at Interface.emit (node:domain:489:12)
    at [_ttyWrite] [as _ttyWrite] (node:internal/readline/interface:1132:18)
    at ReadStream.onkeypress (node:internal/readline/interface:271:20)
    at ReadStream.emit (node:events:531:35)
    at ReadStream.emit (node:domain:489:12)
    at emitKeys (node:internal/readline/utils:370:14)
    at emitKeys.next (<anonymous>)
    at ReadStream.onData (node:internal/readline/emitKeypressEvents:64:36)
[error] 
[error] Error: An unexpected error has occurred.
